# JRE version: OpenJDK Runtime Environment Temurin-17.0.11+9 (17.0.11+9) (build 17.0.11+9)
# Java VM: OpenJDK 64-Bit Server VM Temurin-17.0.11+9 (17.0.11+9, mixed mode, tiered, compressed oops, compressed class ptrs, parallel gc, windows-amd64)
GC Precious Log:
 CPUs: 4 total, 4 available
 Memory: 12147M
 Large Page Support: Disabled
 NUMA Support: Disabled
 Compressed Oops: Enabled (32-bit)
 Alignments: Space 512K, Generation 512K, Heap 2M
 Heap Min Capacity: 100M
 Heap Initial Capacity: 100M
 Heap Max Capacity: 1G
 Pre-touch: Disabled
 Parallel Workers: 4
Heap:
 PSYoungGen      total 30720K, used 3909K [0x00000000eab00000, 0x00000000ecb80000, 0x0000000100000000)
  eden space 29184K, 8% used [0x00000000eab00000,0x00000000ead6dc50,0x00000000ec780000)
  from space 1536K, 92% used [0x00000000eca00000,0x00000000ecb63b00,0x00000000ecb80000)
  to   space 1536K, 0% used [0x00000000ec880000,0x00000000ec880000,0x00000000eca00000)
 ParOldGen       total 699392K, used 668412K [0x00000000c0000000, 0x00000000eab00000, 0x00000000eab00000)
  object space 699392K, 95% used [0x00000000c0000000,0x00000000e8cbf0c8,0x00000000eab00000)
 Metaspace       used 102433K, committed 103808K, reserved 1179648K
  class space    used 10113K, committed 10688K, reserved 1048576K
GC Heap History (20 events):
Event: 19349.246 GC heap before
{Heap before GC invocations=6438 (full 156):
 PSYoungGen      total 36352K, used 36021K [0x00000000eab00000, 0x00000000ed380000, 0x0000000100000000)
  eden space 32256K, 100% used [0x00000000eab00000,0x00000000eca80000,0x00000000eca80000)
  from space 4096K, 91% used [0x00000000ecf80000,0x00000000ed32d630,0x00000000ed380000)
  to   space 4096K, 0% used [0x00000000ecb80000,0x00000000ecb80000,0x00000000ecf80000)
 ParOldGen       total 699392K, used 694671K [0x00000000c0000000, 0x00000000eab00000, 0x00000000eab00000)
  object space 699392K, 99% used [0x00000000c0000000,0x00000000ea663c40,0x00000000eab00000)
 Metaspace       used 102521K, committed 103808K, reserved 1179648K
  class space    used 10130K, committed 10688K, reserved 1048576K
}
Event: 19349.251 GC heap after
{Heap after GC invocations=6438 (full 156):
 PSYoungGen      total 34304K, used 2113K [0x00000000eab00000, 0x00000000ed000000, 0x0000000100000000)
  eden space 31744K, 0% used [0x00000000eab00000,0x00000000eab00000,0x00000000eca00000)
  from space 2560K, 82% used [0x00000000ecb80000,0x00000000ecd907c0,0x00000000ece00000)
  to   space 2048K, 0% used [0x00000000ece00000,0x00000000ece00000,0x00000000ed000000)
 ParOldGen       total 699392K, used 694886K [0x00000000c0000000, 0x00000000eab00000, 0x00000000eab00000)
  object space 699392K, 99% used [0x00000000c0000000,0x00000000ea699870,0x00000000eab00000)
 Metaspace       used 102521K, committed 103808K, reserved 1179648K
  class space    used 10130K, committed 10688K, reserved 1048576K
}
Event: 19352.886 GC heap before
{Heap before GC invocations=6439 (full 156):
 PSYoungGen      total 34304K, used 33857K [0x00000000eab00000, 0x00000000ed000000, 0x0000000100000000)
  eden space 31744K, 100% used [0x00000000eab00000,0x00000000eca00000,0x00000000eca00000)
  from space 2560K, 82% used [0x00000000ecb80000,0x00000000ecd907c0,0x00000000ece00000)
  to   space 2048K, 0% used [0x00000000ece00000,0x00000000ece00000,0x00000000ed000000)
 ParOldGen       total 699392K, used 694886K [0x00000000c0000000, 0x00000000eab00000, 0x00000000eab00000)
  object space 699392K, 99% used [0x00000000c0000000,0x00000000ea699870,0x00000000eab00000)
 Metaspace       used 102522K, committed 103808K, reserved 1179648K
  class space    used 10130K, committed 10688K, reserved 1048576K
}
Event: 19352.893 GC heap after
{Heap after GC invocations=6439 (full 156):
 PSYoungGen      total 33280K, used 2033K [0x00000000eab00000, 0x00000000ed180000, 0x0000000100000000)
  eden space 31232K, 0% used [0x00000000eab00000,0x00000000eab00000,0x00000000ec980000)
  from space 2048K, 99% used [0x00000000ece00000,0x00000000ecffc730,0x00000000ed000000)
  to   space 4096K, 0% used [0x00000000ec980000,0x00000000ec980000,0x00000000ecd80000)
 ParOldGen       total 699392K, used 696524K [0x00000000c0000000, 0x00000000eab00000, 0x00000000eab00000)
  object space 699392K, 99% used [0x00000000c0000000,0x00000000ea833320,0x00000000eab00000)
 Metaspace       used 102522K, committed 103808K, reserved 1179648K
  class space    used 10130K, committed 10688K, reserved 1048576K
}
Event: 19353.723 GC heap before
{Heap before GC invocations=6440 (full 156):
 PSYoungGen      total 33280K, used 33265K [0x00000000eab00000, 0x00000000ed180000, 0x0000000100000000)
  eden space 31232K, 100% used [0x00000000eab00000,0x00000000ec980000,0x00000000ec980000)
  from space 2048K, 99% used [0x00000000ece00000,0x00000000ecffc730,0x00000000ed000000)
  to   space 4096K, 0% used [0x00000000ec980000,0x00000000ec980000,0x00000000ecd80000)
 ParOldGen       total 699392K, used 696524K [0x00000000c0000000, 0x00000000eab00000, 0x00000000eab00000)
  object space 699392K, 99% used [0x00000000c0000000,0x00000000ea833320,0x00000000eab00000)
 Metaspace       used 102523K, committed 103808K, reserved 1179648K
  class space    used 10130K, committed 10688K, reserved 1048576K
}
Event: 19353.730 GC heap after
{Heap after GC invocations=6440 (full 156):
 PSYoungGen      total 34304K, used 3293K [0x00000000eab00000, 0x00000000ed000000, 0x0000000100000000)
  eden space 30720K, 0% used [0x00000000eab00000,0x00000000eab00000,0x00000000ec900000)
  from space 3584K, 91% used [0x00000000ec980000,0x00000000eccb77e8,0x00000000ecd00000)
  to   space 3072K, 0% used [0x00000000ecd00000,0x00000000ecd00000,0x00000000ed000000)
 ParOldGen       total 699392K, used 696963K [0x00000000c0000000, 0x00000000eab00000, 0x00000000eab00000)
  object space 699392K, 99% used [0x00000000c0000000,0x00000000ea8a0f78,0x00000000eab00000)
 Metaspace       used 102523K, committed 103808K, reserved 1179648K
  class space    used 10130K, committed 10688K, reserved 1048576K
}
Event: 19355.349 GC heap before
{Heap before GC invocations=6441 (full 156):
 PSYoungGen      total 34304K, used 34013K [0x00000000eab00000, 0x00000000ed000000, 0x0000000100000000)
  eden space 30720K, 100% used [0x00000000eab00000,0x00000000ec900000,0x00000000ec900000)
  from space 3584K, 91% used [0x00000000ec980000,0x00000000eccb77e8,0x00000000ecd00000)
  to   space 3072K, 0% used [0x00000000ecd00000,0x00000000ecd00000,0x00000000ed000000)
 ParOldGen       total 699392K, used 696963K [0x00000000c0000000, 0x00000000eab00000, 0x00000000eab00000)
  object space 699392K, 99% used [0x00000000c0000000,0x00000000ea8a0f78,0x00000000eab00000)
 Metaspace       used 102523K, committed 103808K, reserved 1179648K
  class space    used 10130K, committed 10688K, reserved 1048576K
}
Event: 19355.356 GC heap after
{Heap after GC invocations=6441 (full 156):
 PSYoungGen      total 32256K, used 1999K [0x00000000eab00000, 0x00000000ecf00000, 0x0000000100000000)
  eden space 30208K, 0% used [0x00000000eab00000,0x00000000eab00000,0x00000000ec880000)
  from space 2048K, 97% used [0x00000000ecd00000,0x00000000ecef3ce8,0x00000000ecf00000)
  to   space 2560K, 0% used [0x00000000eca00000,0x00000000eca00000,0x00000000ecc80000)
 ParOldGen       total 699392K, used 696963K [0x00000000c0000000, 0x00000000eab00000, 0x00000000eab00000)
  object space 699392K, 99% used [0x00000000c0000000,0x00000000ea8a0f78,0x00000000eab00000)
 Metaspace       used 102523K, committed 103808K, reserved 1179648K
  class space    used 10130K, committed 10688K, reserved 1048576K
}
Event: 19357.885 GC heap before
{Heap before GC invocations=6442 (full 156):
 PSYoungGen      total 32256K, used 32207K [0x00000000eab00000, 0x00000000ecf00000, 0x0000000100000000)
  eden space 30208K, 100% used [0x00000000eab00000,0x00000000ec880000,0x00000000ec880000)
  from space 2048K, 97% used [0x00000000ecd00000,0x00000000ecef3ce8,0x00000000ecf00000)
  to   space 2560K, 0% used [0x00000000eca00000,0x00000000eca00000,0x00000000ecc80000)
 ParOldGen       total 699392K, used 696963K [0x00000000c0000000, 0x00000000eab00000, 0x00000000eab00000)
  object space 699392K, 99% used [0x00000000c0000000,0x00000000ea8a0f78,0x00000000eab00000)
 Metaspace       used 102526K, committed 103872K, reserved 1179648K
  class space    used 10130K, committed 10688K, reserved 1048576K
}
Event: 19357.891 GC heap after
{Heap after GC invocations=6442 (full 156):
 PSYoungGen      total 32256K, used 2365K [0x00000000eab00000, 0x00000000ecd80000, 0x0000000100000000)
  eden space 29696K, 0% used [0x00000000eab00000,0x00000000eab00000,0x00000000ec800000)
  from space 2560K, 92% used [0x00000000eca00000,0x00000000ecc4f4f8,0x00000000ecc80000)
  to   space 1024K, 0% used [0x00000000ecc80000,0x00000000ecc80000,0x00000000ecd80000)
 ParOldGen       total 699392K, used 697360K [0x00000000c0000000, 0x00000000eab00000, 0x00000000eab00000)
  object space 699392K, 99% used [0x00000000c0000000,0x00000000ea904078,0x00000000eab00000)
 Metaspace       used 102526K, committed 103872K, reserved 1179648K
  class space    used 10130K, committed 10688K, reserved 1048576K
}
Event: 19359.442 GC heap before
{Heap before GC invocations=6443 (full 156):
 PSYoungGen      total 32256K, used 32061K [0x00000000eab00000, 0x00000000ecd80000, 0x0000000100000000)
  eden space 29696K, 100% used [0x00000000eab00000,0x00000000ec800000,0x00000000ec800000)
  from space 2560K, 92% used [0x00000000eca00000,0x00000000ecc4f4f8,0x00000000ecc80000)
  to   space 1024K, 0% used [0x00000000ecc80000,0x00000000ecc80000,0x00000000ecd80000)
 ParOldGen       total 699392K, used 697360K [0x00000000c0000000, 0x00000000eab00000, 0x00000000eab00000)
  object space 699392K, 99% used [0x00000000c0000000,0x00000000ea904078,0x00000000eab00000)
 Metaspace       used 102526K, committed 103872K, reserved 1179648K
  class space    used 10130K, committed 10688K, reserved 1048576K
}
Event: 19359.449 GC heap after
{Heap after GC invocations=6443 (full 156):
 PSYoungGen      total 30720K, used 996K [0x00000000eab00000, 0x00000000ece00000, 0x0000000100000000)
  eden space 29696K, 0% used [0x00000000eab00000,0x00000000eab00000,0x00000000ec800000)
  from space 1024K, 97% used [0x00000000ecc80000,0x00000000ecd79250,0x00000000ecd80000)
  to   space 3072K, 0% used [0x00000000ec800000,0x00000000ec800000,0x00000000ecb00000)
 ParOldGen       total 699392K, used 699173K [0x00000000c0000000, 0x00000000eab00000, 0x00000000eab00000)
  object space 699392K, 99% used [0x00000000c0000000,0x00000000eaac9450,0x00000000eab00000)
 Metaspace       used 102526K, committed 103872K, reserved 1179648K
  class space    used 10130K, committed 10688K, reserved 1048576K
}
Event: 19359.449 GC heap before
{Heap before GC invocations=6444 (full 157):
 PSYoungGen      total 30720K, used 996K [0x00000000eab00000, 0x00000000ece00000, 0x0000000100000000)
  eden space 29696K, 0% used [0x00000000eab00000,0x00000000eab00000,0x00000000ec800000)
  from space 1024K, 97% used [0x00000000ecc80000,0x00000000ecd79250,0x00000000ecd80000)
  to   space 3072K, 0% used [0x00000000ec800000,0x00000000ec800000,0x00000000ecb00000)
 ParOldGen       total 699392K, used 699173K [0x00000000c0000000, 0x00000000eab00000, 0x00000000eab00000)
  object space 699392K, 99% used [0x00000000c0000000,0x00000000eaac9450,0x00000000eab00000)
 Metaspace       used 102526K, committed 103872K, reserved 1179648K
  class space    used 10130K, committed 10688K, reserved 1048576K
}
Event: 19360.280 GC heap after
{Heap after GC invocations=6444 (full 157):
 PSYoungGen      total 32768K, used 0K [0x00000000eab00000, 0x00000000ece00000, 0x0000000100000000)
  eden space 29696K, 0% used [0x00000000eab00000,0x00000000eab00000,0x00000000ec800000)
  from space 3072K, 0% used [0x00000000ec800000,0x00000000ec800000,0x00000000ecb00000)
  to   space 3072K, 0% used [0x00000000ecb00000,0x00000000ecb00000,0x00000000ece00000)
 ParOldGen       total 699392K, used 668412K [0x00000000c0000000, 0x00000000eab00000, 0x00000000eab00000)
  object space 699392K, 95% used [0x00000000c0000000,0x00000000e8cbf0c8,0x00000000eab00000)
 Metaspace       used 102426K, committed 103808K, reserved 1179648K
  class space    used 10113K, committed 10688K, reserved 1048576K
}
Event: 19361.349 GC heap before
{Heap before GC invocations=6445 (full 157):
 PSYoungGen      total 32768K, used 29696K [0x00000000eab00000, 0x00000000ece00000, 0x0000000100000000)
  eden space 29696K, 100% used [0x00000000eab00000,0x00000000ec800000,0x00000000ec800000)
  from space 3072K, 0% used [0x00000000ec800000,0x00000000ec800000,0x00000000ecb00000)
  to   space 3072K, 0% used [0x00000000ecb00000,0x00000000ecb00000,0x00000000ece00000)
 ParOldGen       total 699392K, used 668412K [0x00000000c0000000, 0x00000000eab00000, 0x00000000eab00000)
  object space 699392K, 95% used [0x00000000c0000000,0x00000000e8cbf0c8,0x00000000eab00000)
 Metaspace       used 102431K, committed 103808K, reserved 1179648K
  class space    used 10113K, committed 10688K, reserved 1048576K
}
Event: 19361.356 GC heap after
{Heap after GC invocations=6445 (full 157):
 PSYoungGen      total 31232K, used 1609K [0x00000000eab00000, 0x00000000ecd00000, 0x0000000100000000)
  eden space 29184K, 0% used [0x00000000eab00000,0x00000000eab00000,0x00000000ec780000)
  from space 2048K, 78% used [0x00000000ecb00000,0x00000000ecc92440,0x00000000ecd00000)
  to   space 2560K, 0% used [0x00000000ec800000,0x00000000ec800000,0x00000000eca80000)
 ParOldGen       total 699392K, used 668412K [0x00000000c0000000, 0x00000000eab00000, 0x00000000eab00000)
  object space 699392K, 95% used [0x00000000c0000000,0x00000000e8cbf0c8,0x00000000eab00000)
 Metaspace       used 102431K, committed 103808K, reserved 1179648K
  class space    used 10113K, committed 10688K, reserved 1048576K
}
Event: 19363.651 GC heap before
{Heap before GC invocations=6446 (full 157):
 PSYoungGen      total 31232K, used 30793K [0x00000000eab00000, 0x00000000ecd00000, 0x0000000100000000)
  eden space 29184K, 100% used [0x00000000eab00000,0x00000000ec780000,0x00000000ec780000)
  from space 2048K, 78% used [0x00000000ecb00000,0x00000000ecc92440,0x00000000ecd00000)
  to   space 2560K, 0% used [0x00000000ec800000,0x00000000ec800000,0x00000000eca80000)
 ParOldGen       total 699392K, used 668412K [0x00000000c0000000, 0x00000000eab00000, 0x00000000eab00000)
  object space 699392K, 95% used [0x00000000c0000000,0x00000000e8cbf0c8,0x00000000eab00000)
 Metaspace       used 102431K, committed 103808K, reserved 1179648K
  class space    used 10113K, committed 10688K, reserved 1048576K
}
Event: 19363.658 GC heap after
{Heap after GC invocations=6446 (full 157):
 PSYoungGen      total 30208K, used 858K [0x00000000eab00000, 0x00000000ecb80000, 0x0000000100000000)
  eden space 29184K, 0% used [0x00000000eab00000,0x00000000eab00000,0x00000000ec780000)
  from space 1024K, 83% used [0x00000000ec800000,0x00000000ec8d6900,0x00000000ec900000)
  to   space 1536K, 0% used [0x00000000eca00000,0x00000000eca00000,0x00000000ecb80000)
 ParOldGen       total 699392K, used 668412K [0x00000000c0000000, 0x00000000eab00000, 0x00000000eab00000)
  object space 699392K, 95% used [0x00000000c0000000,0x00000000e8cbf0c8,0x00000000eab00000)
 Metaspace       used 102431K, committed 103808K, reserved 1179648K
  class space    used 10113K, committed 10688K, reserved 1048576K
}
Event: 19364.240 GC heap before
{Heap before GC invocations=6447 (full 157):
 PSYoungGen      total 30208K, used 30042K [0x00000000eab00000, 0x00000000ecb80000, 0x0000000100000000)
  eden space 29184K, 100% used [0x00000000eab00000,0x00000000ec780000,0x00000000ec780000)
  from space 1024K, 83% used [0x00000000ec800000,0x00000000ec8d6900,0x00000000ec900000)
  to   space 1536K, 0% used [0x00000000eca00000,0x00000000eca00000,0x00000000ecb80000)
 ParOldGen       total 699392K, used 668412K [0x00000000c0000000, 0x00000000eab00000, 0x00000000eab00000)
  object space 699392K, 95% used [0x00000000c0000000,0x00000000e8cbf0c8,0x00000000eab00000)
 Metaspace       used 102432K, committed 103808K, reserved 1179648K
  class space    used 10113K, committed 10688K, reserved 1048576K
}
Event: 19364.246 GC heap after
{Heap after GC invocations=6447 (full 157):
 PSYoungGen      total 30720K, used 1422K [0x00000000eab00000, 0x00000000ecb80000, 0x0000000100000000)
  eden space 29184K, 0% used [0x00000000eab00000,0x00000000eab00000,0x00000000ec780000)
  from space 1536K, 92% used [0x00000000eca00000,0x00000000ecb63b00,0x00000000ecb80000)
  to   space 1536K, 0% used [0x00000000ec880000,0x00000000ec880000,0x00000000eca00000)
 ParOldGen       total 699392K, used 668412K [0x00000000c0000000, 0x00000000eab00000, 0x00000000eab00000)
  object space 699392K, 95% used [0x00000000c0000000,0x00000000e8cbf0c8,0x00000000eab00000)
 Metaspace       used 102432K, committed 103808K, reserved 1179648K
  class space    used 10113K, committed 10688K, reserved 1048576K
}

